<?xml version="1.0" encoding="UTF-8" ?>
<testsuite errors="0" failures="0" hostname="vega-23d9a70bfa" name="TestMath" skipped="0" tests="2" time="0.078" timestamp="2016-05-24T15:47:48">
  <properties>
    <property name="java.vendor" value="Oracle Corporation" />
    <property name="sun.java.launcher" value="SUN_STANDARD" />
    <property name="eclipse.pdebuild.templates" value="/F:/For-work/my-work-for-job/Eclipse/eclipse/eclipse/plugins/org.eclipse.pde.build_3.9.100.v20150521-1524/templates/" />
    <property name="sun.management.compiler" value="HotSpot Client Compiler" />
    <property name="os.name" value="Windows XP" />
    <property name="sun.boot.class.path" value="E:\Program Files\Java\jdk1.8.0_20\jre\lib\resources.jar;E:\Program Files\Java\jdk1.8.0_20\jre\lib\rt.jar;E:\Program Files\Java\jdk1.8.0_20\jre\lib\sunrsasign.jar;E:\Program Files\Java\jdk1.8.0_20\jre\lib\jsse.jar;E:\Program Files\Java\jdk1.8.0_20\jre\lib\jce.jar;E:\Program Files\Java\jdk1.8.0_20\jre\lib\charsets.jar;E:\Program Files\Java\jdk1.8.0_20\jre\lib\jfr.jar;E:\Program Files\Java\jdk1.8.0_20\jre\classes" />
    <property name="sun.desktop" value="windows" />
    <property name="java.vm.specification.vendor" value="Oracle Corporation" />
    <property name="ant.home" value="F:\For-work\my-work-for-job\Eclipse\eclipse\eclipse\plugins\org.apache.ant_1.9.6.v201510161327" />
    <property name="java.runtime.version" value="1.8.0_20-b26" />
    <property name="user.name" value="Admin" />
    <property name="build.dir" value="build" />
    <property name="user.language" value="ru" />
    <property name="sun.boot.library.path" value="E:\Program Files\Java\jdk1.8.0_20\jre\bin" />
    <property name="reports.dir" value="reports" />
    <property name="ant.project.default-target" value="test" />
    <property name="ant.project.name" value="JUnit Example" />
    <property name="java.version" value="1.8.0_20" />
    <property name="user.timezone" value="Europe/Athens" />
    <property name="sun.arch.data.model" value="32" />
    <property name="java.endorsed.dirs" value="E:\Program Files\Java\jdk1.8.0_20\jre\lib\endorsed" />
    <property name="sun.cpu.isalist" value="pentium_pro+mmx pentium_pro pentium+mmx pentium i486 i386 i86" />
    <property name="sun.jnu.encoding" value="Cp1251" />
    <property name="file.encoding.pkg" value="sun.io" />
    <property name="file.separator" value="\" />
    <property name="java.specification.name" value="Java Platform API Specification" />
    <property name="java.class.version" value="52.0" />
    <property name="user.country" value="RU" />
    <property name="java.home" value="E:\Program Files\Java\jdk1.8.0_20\jre" />
    <property name="java.vm.info" value="mixed mode, sharing" />
    <property name="ant.file" value="F:\For-work\my-work-for-job\Git\ant-basic-repository-004\Ant002.Simple.Test\junit\junit.xml" />
    <property name="os.version" value="5.1" />
    <property name="path.separator" value=";" />
    <property name="java.vm.version" value="25.20-b23" />
    <property name="user.variant" value="" />
    <property name="ant.library.dir" value="F:\For-work\my-work-for-job\Eclipse\eclipse\eclipse\plugins\org.apache.ant_1.9.6.v201510161327\lib" />
    <property name="java.awt.printerjob" value="sun.awt.windows.WPrinterJob" />
    <property name="sun.io.unicode.encoding" value="UnicodeLittle" />
    <property name="awt.toolkit" value="sun.awt.windows.WToolkit" />
    <property name="user.script" value="" />
    <property name="eclipse.pdebuild.scripts" value="/F:/For-work/my-work-for-job/Eclipse/eclipse/eclipse/plugins/org.eclipse.pde.build_3.9.100.v20150521-1524/scripts/" />
    <property name="user.home" value="E:\Documents and Settings\Admin" />
    <property name="java.specification.vendor" value="Oracle Corporation" />
    <property name="java.library.path" value="E:\Program Files\Java\jdk1.8.0_20\jre\bin;E:\WINDOWS\Sun\Java\bin;E:\WINDOWS\system32;E:\WINDOWS;E:\Program Files\Java\jdk1.8.0_20\bin;E:\Program Files\dev\apache-maven-3.3.9\bin;%E:\Documents and Settings\All Users\Application Data\Oracle\Java\javapath;E:\WINDOWS\system32;E:\WINDOWS;E:\WINDOWS\System32\Wbem;E:\Program Files\MySQL\MySQL Utilities 1.4.3\;E:\Program Files\MySQL\MySQL Utilities 1.4.3\Doctrine extensions for PHP\;e:\Program Files\MySQL\MySQL Server 5.6\bin;E:\Program Files\Liquid Technologies\Liquid XML Studio 2011\XmlDataBinder9\Redist9\cpp\win32\bin;E:\Program Files\Apache Software Foundation\Apache2.2\bin;E:\Program Files\Java\jre1.7.0_79;E:\Program Files\Apache Software Foundation\apache-ant-1.9.7\bin;." />
    <property name="java.vendor.url" value="http://java.oracle.com/" />
    <property name="java.vm.vendor" value="Oracle Corporation" />
    <property name="java.runtime.name" value="Java(TM) SE Runtime Environment" />
    <property name="sun.java.command" value="org.apache.tools.ant.taskdefs.optional.junit.JUnitTestRunner TestMath skipNonTests=false filtertrace=true haltOnError=false haltOnFailure=true formatter=org.apache.tools.ant.taskdefs.optional.junit.SummaryJUnitResultFormatter showoutput=true outputtoformatters=true logfailedtests=true threadid=0 logtestlistenerevents=false formatter=org.apache.tools.ant.taskdefs.optional.junit.XMLJUnitResultFormatter,F:\For-work\my-work-for-job\Git\ant-basic-repository-004\Ant002.Simple.Test\junit\reports\TEST-TestMath.xml formatter=org.apache.tools.ant.taskdefs.optional.junit.XMLJUnitResultFormatter,F:\For-work\my-work-for-job\Git\ant-basic-repository-004\Ant002.Simple.Test\junit\reports\TEST-TestMath.xml crashfile=F:\For-work\my-work-for-job\Git\ant-basic-repository-004\Ant002.Simple.Test\junit\junitvmwatcher5259667929332988768.properties propsfile=F:\For-work\my-work-for-job\Git\ant-basic-repository-004\Ant002.Simple.Test\junit\junit5744072451387789069.properties" />
    <property name="java.class.path" value="F:\For-work\my-work-for-job\Git\ant-basic-repository-004\Ant002.Simple.Test\junit\lib\junit.jar;F:\For-work\my-work-for-job\Git\ant-basic-repository-004\Ant002.Simple.Test\junit\build;F:\For-work\my-work-for-job\Eclipse\eclipse\eclipse\plugins\org.apache.ant_1.9.6.v201510161327\lib\ant-launcher.jar;F:\For-work\my-work-for-job\Eclipse\eclipse\eclipse\plugins\org.apache.ant_1.9.6.v201510161327\lib\ant.jar;F:\For-work\my-work-for-job\Eclipse\eclipse\eclipse\plugins\org.apache.ant_1.9.6.v201510161327\lib\ant-junit.jar;F:\For-work\my-work-for-job\Eclipse\eclipse\eclipse\plugins\org.apache.ant_1.9.6.v201510161327\lib\ant-junit4.jar" />
    <property name="ant.version" value="Apache Ant(TM) version 1.9.6 compiled on June 29 2015" />
    <property name="java.vm.specification.name" value="Java Virtual Machine Specification" />
    <property name="ant.file.JUnit Example" value="F:\For-work\my-work-for-job\Git\ant-basic-repository-004\Ant002.Simple.Test\junit\junit.xml" />
    <property name="java.vm.specification.version" value="1.8" />
    <property name="sun.cpu.endian" value="little" />
    <property name="sun.os.patch.level" value="Service Pack 3" />
    <property name="eclipse.pdebuild.home" value="/F:/For-work/my-work-for-job/Eclipse/eclipse/eclipse/plugins/org.eclipse.pde.build_3.9.100.v20150521-1524/./" />
    <property name="java.io.tmpdir" value="E:\DOCUME~1\Admin\LOCALS~1\Temp\" />
    <property name="java.vendor.url.bug" value="http://bugreport.sun.com/bugreport/" />
    <property name="os.arch" value="x86" />
    <property name="java.awt.graphicsenv" value="sun.awt.Win32GraphicsEnvironment" />
    <property name="java.ext.dirs" value="E:\Program Files\Java\jdk1.8.0_20\jre\lib\ext;E:\WINDOWS\Sun\Java\lib\ext" />
    <property name="user.dir" value="F:\For-work\my-work-for-job\Git\ant-basic-repository-004\Ant002.Simple.Test\junit" />
    <property name="line.separator" value="&#xd;&#xa;" />
    <property name="java.vm.name" value="Java HotSpot(TM) Client VM" />
    <property name="basedir" value="F:\For-work\my-work-for-job\Git\ant-basic-repository-004\Ant002.Simple.Test\junit" />
    <property name="ant.java.version" value="1.8" />
    <property name="ant.file.type.JUnit Example" value="file" />
    <property name="ant.core.lib" value="F:\For-work\my-work-for-job\Eclipse\eclipse\eclipse\plugins\org.apache.ant_1.9.6.v201510161327\lib\ant.jar" />
    <property name="file.encoding" value="Cp1251" />
    <property name="java.specification.version" value="1.8" />
    <property name="src.dir" value="../src/ua/voytovych/ant" />
    <property name="ant.project.invoked-targets" value="test" />
  </properties>
  <testcase classname="TestMath" name="testMulitply" time="0.0" />
  <testcase classname="TestMath" name="testAdd" time="0.016" />
  <system-out><![CDATA[]]></system-out>
  <system-err><![CDATA[]]></system-err>
</testsuite>
